<?xml version="1.0" encoding="utf-8"?><testsuites name="pytest tests"><testsuite name="pytest" errors="0" failures="0" skipped="0" tests="0" time="6.127" timestamp="2025-06-24T16:35:48.151699+00:00" hostname="1d6eadd6200c" /></testsuites>
