<?xml version="1.0" encoding="utf-8"?><testsuites name="pytest tests"><testsuite name="pytest" errors="1" failures="0" skipped="0" tests="1" time="9.516" timestamp="2025-06-24T00:15:14.727793+00:00" hostname="96b1822e9126"><testcase classname="" name="tests.test_comprehensive_agents" time="0.000"><error message="collection failure">/usr/local/lib/python3.10/dist-packages/_pytest/python.py:498: in importtestmodule
    mod = import_path(
/usr/local/lib/python3.10/dist-packages/_pytest/pathlib.py:587: in import_path
    importlib.import_module(module_name)
/usr/lib/python3.10/importlib/__init__.py:126: in import_module
    return _bootstrap._gcd_import(name[level:], package, level)
&lt;frozen importlib._bootstrap&gt;:1050: in _gcd_import
    ???
&lt;frozen importlib._bootstrap&gt;:1027: in _find_and_load
    ???
&lt;frozen importlib._bootstrap&gt;:1006: in _find_and_load_unlocked
    ???
&lt;frozen importlib._bootstrap&gt;:688: in _load_unlocked
    ???
/usr/local/lib/python3.10/dist-packages/_pytest/assertion/rewrite.py:177: in exec_module
    source_stat, co = _rewrite_test(fn, self.config)
/usr/local/lib/python3.10/dist-packages/_pytest/assertion/rewrite.py:357: in _rewrite_test
    tree = ast.parse(source, filename=strfn)
/usr/lib/python3.10/ast.py:50: in parse
    return compile(source, filename, mode, flags,
E     File "/workspaces/trading-rl-agent/tests/test_comprehensive_agents.py", line 496
E       """Test training agent during episode execution."""
E                                                       ^
E   SyntaxError: unterminated triple-quoted string literal (detected at line 525)</error></testcase></testsuite></testsuites>
