<?xml version="1.0" encoding="utf-8"?><testsuites name="pytest tests"><testsuite name="pytest" errors="5" failures="0" skipped="0" tests="5" time="3.258" timestamp="2025-07-08T03:29:46.803170+00:00" hostname="0cb157972b5d"><testcase classname="" name="tests.integration.cli" time="0.000"><error message="collection failure">/usr/lib/python3.11/importlib/__init__.py:126: in import_module
    return _bootstrap._gcd_import(name[level:], package, level)
           ^^^^^^^^^^^^^^^^^^^^^^^^^^^^^^^^^^^^^^^^^^^^^^^^^^^^
&lt;frozen importlib._bootstrap&gt;:1206: in _gcd_import
    ???
&lt;frozen importlib._bootstrap&gt;:1178: in _find_and_load
    ???
&lt;frozen importlib._bootstrap&gt;:1149: in _find_and_load_unlocked
    ???
&lt;frozen importlib._bootstrap&gt;:690: in _load_unlocked
    ???
/usr/local/lib/python3.11/dist-packages/_pytest/assertion/rewrite.py:186: in exec_module
    exec(co, module.__dict__)
tests/integration/cli/conftest.py:8: in &lt;module&gt;
    import src.agents as _agents
E   ModuleNotFoundError: No module named 'src.agents'</error></testcase><testcase classname="" name="tests.integration.test_backtester_wrapper" time="0.000"><error message="collection failure">ImportError while importing test module '/workspaces/trading-rl-agent/tests/integration/test_backtester_wrapper.py'.
Hint: make sure your test modules/packages have valid Python names.
Traceback:
/usr/lib/python3.11/importlib/__init__.py:126: in import_module
    return _bootstrap._gcd_import(name[level:], package, level)
           ^^^^^^^^^^^^^^^^^^^^^^^^^^^^^^^^^^^^^^^^^^^^^^^^^^^^
tests/integration/test_backtester_wrapper.py:4: in &lt;module&gt;
    from src.backtesting import Backtester
src/backtesting/__init__.py:3: in &lt;module&gt;
    from .backtester import Backtester
src/backtesting/backtester.py:6: in &lt;module&gt;
    import backtrader as bt
E   ModuleNotFoundError: No module named 'backtrader'</error></testcase><testcase classname="" name="tests.integration.test_comprehensive_data_preprocessing" time="0.000"><error message="collection failure">ImportError while importing test module '/workspaces/trading-rl-agent/tests/integration/test_comprehensive_data_preprocessing.py'.
Hint: make sure your test modules/packages have valid Python names.
Traceback:
/usr/lib/python3.11/importlib/__init__.py:126: in import_module
    return _bootstrap._gcd_import(name[level:], package, level)
           ^^^^^^^^^^^^^^^^^^^^^^^^^^^^^^^^^^^^^^^^^^^^^^^^^^^^
tests/integration/test_comprehensive_data_preprocessing.py:16: in &lt;module&gt;
    from src.data.features import (
E   ModuleNotFoundError: No module named 'src.data'</error></testcase><testcase classname="" name="tests.integration.test_comprehensive_environments" time="0.000"><error message="collection failure">ImportError while importing test module '/workspaces/trading-rl-agent/tests/integration/test_comprehensive_environments.py'.
Hint: make sure your test modules/packages have valid Python names.
Traceback:
/usr/lib/python3.11/importlib/__init__.py:126: in import_module
    return _bootstrap._gcd_import(name[level:], package, level)
           ^^^^^^^^^^^^^^^^^^^^^^^^^^^^^^^^^^^^^^^^^^^^^^^^^^^^
tests/integration/test_comprehensive_environments.py:15: in &lt;module&gt;
    from src.envs.finrl_trading_env import TradingEnv
E   ModuleNotFoundError: No module named 'src.envs'</error></testcase><testcase classname="" name="tests.integration.test_data_pipeline" time="0.000"><error message="collection failure">ImportError while importing test module '/workspaces/trading-rl-agent/tests/integration/test_data_pipeline.py'.
Hint: make sure your test modules/packages have valid Python names.
Traceback:
/usr/lib/python3.11/importlib/__init__.py:126: in import_module
    return _bootstrap._gcd_import(name[level:], package, level)
           ^^^^^^^^^^^^^^^^^^^^^^^^^^^^^^^^^^^^^^^^^^^^^^^^^^^^
tests/integration/test_data_pipeline.py:6: in &lt;module&gt;
    from src.data.pipeline import run_pipeline
E   ModuleNotFoundError: No module named 'src.data'</error></testcase></testsuite></testsuites>
