<?xml version="1.0" encoding="utf-8"?><testsuites name="pytest tests"><testsuite name="pytest" errors="0" failures="0" skipped="0" tests="0" time="15.464" timestamp="2025-06-26T00:25:58.074548+00:00" hostname="96b1822e9126" /></testsuites>
