<?xml version="1.0" encoding="utf-8"?><testsuites name="pytest tests"><testsuite name="pytest" errors="0" failures="0" skipped="0" tests="0" time="28.957" timestamp="2025-06-25T16:06:48.337578+00:00" hostname="6e22d7922a31" /></testsuites>
