<?xml version="1.0" encoding="utf-8"?><testsuites name="pytest tests"><testsuite name="pytest" errors="0" failures="1" skipped="0" tests="6" time="10.781" timestamp="2025-06-24T18:13:38.690691+00:00" hostname="1d6eadd6200c"><testcase classname="tests.test_agent_comprehensive.TestAgentComprehensive" name="test_agent_initialization[td3]" time="1.600" /><testcase classname="tests.test_agent_comprehensive.TestAgentComprehensive" name="test_agent_initialization[sac]" time="0.023" /><testcase classname="tests.test_agent_comprehensive.TestAgentComprehensive" name="test_agent_action_selection[td3]" time="0.023" /><testcase classname="tests.test_agent_comprehensive.TestAgentComprehensive" name="test_agent_action_selection[sac]" time="0.017" /><testcase classname="tests.test_agent_comprehensive.TestAgentComprehensive" name="test_agent_training_pipeline[td3]" time="0.043" /><testcase classname="tests.test_agent_comprehensive.TestAgentComprehensive" name="test_agent_training_pipeline[sac]" time="0.026"><failure message="ValueError: not enough values to unpack (expected 5, got 4)">tests/test_agent_comprehensive.py:278: in test_agent_training_pipeline
    agent.train() if hasattr(agent, "train") else agent.update()
src/agents/sac_agent.py:345: in update
    state, action, reward, next_state, done = self.replay_buffer.sample(
E   ValueError: not enough values to unpack (expected 5, got 4)</failure></testcase></testsuite></testsuites>
