<?xml version="1.0" encoding="utf-8"?><testsuites name="pytest tests"><testsuite name="pytest" errors="5" failures="0" skipped="0" tests="5" time="2.276" timestamp="2025-07-08T04:20:18.843932+00:00" hostname="df0504caa608"><testcase classname="" name="tests.unit.test_cached_data" time="0.000"><error message="collection failure">ImportError while importing test module '/workspace/trading-rl-agent/tests/unit/test_cached_data.py'.
Hint: make sure your test modules/packages have valid Python names.
Traceback:
/root/.pyenv/versions/3.10.17/lib/python3.10/importlib/__init__.py:126: in import_module
    return _bootstrap._gcd_import(name[level:], package, level)
tests/unit/test_cached_data.py:6: in &lt;module&gt;
    from trading_rl_agent.data.pipeline import load_cached_csvs
src/trading_rl_agent/__init__.py:25: in &lt;module&gt;
    from .core.config import ConfigManager, SystemConfig
src/trading_rl_agent/core/__init__.py:8: in &lt;module&gt;
    from .config import ConfigManager, SystemConfig
src/trading_rl_agent/core/config.py:27: in &lt;module&gt;
    from .logging import get_logger
src/trading_rl_agent/core/logging.py:11: in &lt;module&gt;
    import structlog
E   ModuleNotFoundError: No module named 'structlog'</error></testcase><testcase classname="" name="tests.unit.test_candle_patterns" time="0.000"><error message="collection failure">ImportError while importing test module '/workspace/trading-rl-agent/tests/unit/test_candle_patterns.py'.
Hint: make sure your test modules/packages have valid Python names.
Traceback:
/root/.pyenv/versions/3.10.17/lib/python3.10/importlib/__init__.py:126: in import_module
    return _bootstrap._gcd_import(name[level:], package, level)
tests/unit/test_candle_patterns.py:9: in &lt;module&gt;
    from trading_rl_agent.data.candle_patterns import (
src/trading_rl_agent/__init__.py:25: in &lt;module&gt;
    from .core.config import ConfigManager, SystemConfig
src/trading_rl_agent/core/__init__.py:8: in &lt;module&gt;
    from .config import ConfigManager, SystemConfig
src/trading_rl_agent/core/config.py:27: in &lt;module&gt;
    from .logging import get_logger
src/trading_rl_agent/core/logging.py:11: in &lt;module&gt;
    import structlog
E   ModuleNotFoundError: No module named 'structlog'</error></testcase><testcase classname="" name="tests.unit.test_cli_args" time="0.000"><error message="collection failure">ImportError while importing test module '/workspace/trading-rl-agent/tests/unit/test_cli_args.py'.
Hint: make sure your test modules/packages have valid Python names.
Traceback:
/root/.pyenv/versions/3.10.17/lib/python3.10/importlib/__init__.py:126: in import_module
    return _bootstrap._gcd_import(name[level:], package, level)
tests/unit/test_cli_args.py:3: in &lt;module&gt;
    from trading_rl_agent.main import build_parser
src/trading_rl_agent/__init__.py:25: in &lt;module&gt;
    from .core.config import ConfigManager, SystemConfig
src/trading_rl_agent/core/__init__.py:8: in &lt;module&gt;
    from .config import ConfigManager, SystemConfig
src/trading_rl_agent/core/config.py:27: in &lt;module&gt;
    from .logging import get_logger
src/trading_rl_agent/core/logging.py:11: in &lt;module&gt;
    import structlog
E   ModuleNotFoundError: No module named 'structlog'</error></testcase><testcase classname="" name="tests.unit.test_cluster_utils" time="0.000"><error message="collection failure">ImportError while importing test module '/workspace/trading-rl-agent/tests/unit/test_cluster_utils.py'.
Hint: make sure your test modules/packages have valid Python names.
Traceback:
/root/.pyenv/versions/3.10.17/lib/python3.10/importlib/__init__.py:126: in import_module
    return _bootstrap._gcd_import(name[level:], package, level)
tests/unit/test_cluster_utils.py:5: in &lt;module&gt;
    from trading_rl_agent.utils.cluster import get_available_devices, init_ray
src/trading_rl_agent/__init__.py:25: in &lt;module&gt;
    from .core.config import ConfigManager, SystemConfig
src/trading_rl_agent/core/__init__.py:8: in &lt;module&gt;
    from .config import ConfigManager, SystemConfig
src/trading_rl_agent/core/config.py:27: in &lt;module&gt;
    from .logging import get_logger
src/trading_rl_agent/core/logging.py:11: in &lt;module&gt;
    import structlog
E   ModuleNotFoundError: No module named 'structlog'</error></testcase><testcase classname="" name="tests.unit.test_cnn_lstm" time="0.000"><error message="collection failure">ImportError while importing test module '/workspace/trading-rl-agent/tests/unit/test_cnn_lstm.py'.
Hint: make sure your test modules/packages have valid Python names.
Traceback:
/root/.pyenv/versions/3.10.17/lib/python3.10/importlib/__init__.py:126: in import_module
    return _bootstrap._gcd_import(name[level:], package, level)
tests/unit/test_cnn_lstm.py:3: in &lt;module&gt;
    from trading_rl_agent.models import CNNLSTMModel
src/trading_rl_agent/__init__.py:25: in &lt;module&gt;
    from .core.config import ConfigManager, SystemConfig
src/trading_rl_agent/core/__init__.py:8: in &lt;module&gt;
    from .config import ConfigManager, SystemConfig
src/trading_rl_agent/core/config.py:27: in &lt;module&gt;
    from .logging import get_logger
src/trading_rl_agent/core/logging.py:11: in &lt;module&gt;
    import structlog
E   ModuleNotFoundError: No module named 'structlog'</error></testcase></testsuite></testsuites>
